<?xml version="1.0" encoding="UTF-8"?>
<testng-results skipped="0" failed="0" ignored="0" total="1" passed="1">
  <reporter-output>
  </reporter-output>
  <suite name="Default suite" duration-ms="136249" started-at="2020-04-21T06:08:00Z" finished-at="2020-04-21T06:10:16Z">
    <groups>
    </groups>
    <test name="Default test" duration-ms="136249" started-at="2020-04-21T06:08:00Z" finished-at="2020-04-21T06:10:16Z">
      <class name="com.facebook.tests.DropdownValidationTest">
        <test-method status="PASS" signature="openBrowser()[pri:0, instance:com.facebook.tests.DropdownValidationTest@cb5822]" name="openBrowser" is-config="true" duration-ms="121850" started-at="2020-04-21T06:08:00Z" finished-at="2020-04-21T06:10:02Z">
          <reporter-output>
          </reporter-output>
        </test-method> <!-- openBrowser -->
        <test-method status="PASS" signature="openFacebookPage()[pri:0, instance:com.facebook.tests.DropdownValidationTest@cb5822]" name="openFacebookPage" is-config="true" duration-ms="3022" started-at="2020-04-21T06:10:02Z" finished-at="2020-04-21T06:10:05Z">
          <reporter-output>
          </reporter-output>
        </test-method> <!-- openFacebookPage -->
        <test-method status="PASS" signature="validateDropdownOptionDuplication()[pri:0, instance:com.facebook.tests.DropdownValidationTest@cb5822]" name="validateDropdownOptionDuplication" duration-ms="8431" started-at="2020-04-21T06:10:05Z" finished-at="2020-04-21T06:10:14Z">
          <reporter-output>
          </reporter-output>
        </test-method> <!-- validateDropdownOptionDuplication -->
        <test-method status="PASS" signature="closeBrowser()[pri:0, instance:com.facebook.tests.DropdownValidationTest@cb5822]" name="closeBrowser" is-config="true" duration-ms="2208" started-at="2020-04-21T06:10:14Z" finished-at="2020-04-21T06:10:16Z">
          <reporter-output>
          </reporter-output>
        </test-method> <!-- closeBrowser -->
      </class> <!-- com.facebook.tests.DropdownValidationTest -->
    </test> <!-- Default test -->
  </suite> <!-- Default suite -->
</testng-results>
